[2026-01-24 23:05:17] INFO: ================================================================================
[2026-01-24 23:05:17] INFO: WS3-02: Liquidity Coverage Ratio (LCR) Calculator
[2026-01-24 23:05:17] INFO: ================================================================================
[2026-01-24 23:05:17] INFO: ✓ Connected to Databricks
[2026-01-24 23:05:17] INFO: ✓ Using SQL Warehouse: 4b9b953939869799
[2026-01-24 23:05:17] INFO: 
--------------------------------------------------------------------------------
[2026-01-24 23:05:17] INFO: Creating gold_regulatory schema...
[2026-01-24 23:05:19] INFO:   ✓ Created gold_regulatory schema
[2026-01-24 23:05:19] INFO: 
--------------------------------------------------------------------------------
[2026-01-24 23:05:19] INFO: Calculating HQLA (High Quality Liquid Assets)...
[2026-01-24 23:05:22] INFO:   HQLA Breakdown:
[2026-01-24 23:05:22] INFO:     Level_1: 500 securities, MV=$9,110,638,197, HQLA=$9,110,638,197
[2026-01-24 23:05:22] INFO:     Level_2A: 224 securities, MV=$2,263,159,399, HQLA=$1,923,685,489
[2026-01-24 23:05:22] INFO:     Level_2B: 106 securities, MV=$584,849,438, HQLA=$292,424,719
[2026-01-24 23:05:22] INFO:     Non_HQLA: 170 securities, MV=$864,680,706, HQLA=$50,714,133
[2026-01-24 23:05:23] INFO:   Cash & Reserves: $1,709,481,022
[2026-01-24 23:05:23] INFO:   ✓ Total HQLA: $13,036,229,427
[2026-01-24 23:05:23] INFO: 
--------------------------------------------------------------------------------
[2026-01-24 23:05:23] INFO: Calculating 30-day stressed cash outflows...
[2026-01-24 23:05:27] INFO:   Outflows by Product:
[2026-01-24 23:05:27] INFO:     MMDA: $4,942,935,058 × 10.0% = $494,293,506
[2026-01-24 23:05:27] INFO:     DDA: $10,867,821,991 × 3.0% = $326,034,660
[2026-01-24 23:05:27] INFO:     Savings: $4,618,547,402 × 5.0% = $230,927,370
[2026-01-24 23:05:27] INFO:     NOW: $1,258,911,461 × 5.0% = $62,945,573
[2026-01-24 23:05:27] INFO:     CD: $4,888,143,076 × 0.0% = $0
[2026-01-24 23:05:27] INFO:   ✓ Total Cash Outflows: $1,114,201,109
[2026-01-24 23:05:27] INFO: 
--------------------------------------------------------------------------------
[2026-01-24 23:05:27] INFO: Calculating 30-day cash inflows...
[2026-01-24 23:05:31] INFO:   Loans maturing in 30 days: 888
[2026-01-24 23:05:31] INFO:   Uncapped inflows: $55,532,822
[2026-01-24 23:05:31] INFO: 
--------------------------------------------------------------------------------
[2026-01-24 23:05:31] INFO: Calculating LCR ratio...
[2026-01-24 23:05:31] INFO:   Inflows capped at 75%: $55,532,822
[2026-01-24 23:05:31] INFO:   Net Outflows: $1,058,668,287
[2026-01-24 23:05:31] INFO:   ✓ LCR Ratio: 1231.38%
[2026-01-24 23:05:31] INFO: 
--------------------------------------------------------------------------------
[2026-01-24 23:05:31] INFO: Saving LCR calculation record...
[2026-01-24 23:05:34] INFO:   ✓ LCR record saved
[2026-01-24 23:05:34] INFO: 
================================================================================
[2026-01-24 23:05:34] INFO: LCR CALCULATION (as of 2026-01-24)
[2026-01-24 23:05:34] INFO: ================================================================================
[2026-01-24 23:05:34] INFO: 
High Quality Liquid Assets (HQLA):
[2026-01-24 23:05:34] INFO: --------------------------------------------------------------------------------
[2026-01-24 23:05:34] INFO:   Level 1 (100%): $10,820,119,219 (83.0%)
[2026-01-24 23:05:34] INFO:   Level 2A (85%): $1,923,685,489 (14.8%)
[2026-01-24 23:05:34] INFO:   Level 2B (50%): $292,424,719 (2.2%)
[2026-01-24 23:05:34] INFO:   Total HQLA:     $13,036,229,427
[2026-01-24 23:05:34] INFO: 
Cash Flows (30-day stressed scenario):
[2026-01-24 23:05:34] INFO: --------------------------------------------------------------------------------
[2026-01-24 23:05:34] INFO:   Gross Outflows:        $1,114,201,109
[2026-01-24 23:05:34] INFO:   Less: Capped Inflows:  $55,532,822
[2026-01-24 23:05:34] INFO:   Net Outflows:          $1,058,668,287
[2026-01-24 23:05:34] INFO: 
LCR Calculation:
[2026-01-24 23:05:34] INFO: --------------------------------------------------------------------------------
[2026-01-24 23:05:34] INFO:   LCR = HQLA / Net Outflows
[2026-01-24 23:05:34] INFO:   LCR = $13,036,229,427 / $1,058,668,287
[2026-01-24 23:05:34] INFO:   LCR = 1231.38%
[2026-01-24 23:05:34] INFO: 
Regulatory Assessment:
[2026-01-24 23:05:34] INFO: --------------------------------------------------------------------------------
[2026-01-24 23:05:34] INFO:   Required Minimum: 100.00%
[2026-01-24 23:05:34] INFO:   Actual LCR:       1231.38%
[2026-01-24 23:05:34] INFO:   Status:           ✓ COMPLIANT
[2026-01-24 23:05:34] INFO:   Buffer:           +1131.38%
[2026-01-24 23:05:34] INFO: 
================================================================================
[2026-01-24 23:05:34] INFO: LCR STRESS TEST SCENARIOS
[2026-01-24 23:05:34] INFO: ================================================================================
[2026-01-24 23:05:35] INFO: 
[2026-01-24 23:05:35] INFO: Base Case:
[2026-01-24 23:05:35] INFO:   Stressed Outflows: $1,114,201,109
[2026-01-24 23:05:35] INFO:   Net Outflows:      $1,058,668,287
[2026-01-24 23:05:35] INFO:   LCR Ratio:         1231.38% ✓ Pass
[2026-01-24 23:05:35] INFO: 
[2026-01-24 23:05:35] INFO: Moderate Stress (1.5x runoff):
[2026-01-24 23:05:35] INFO:   Stressed Outflows: $1,671,301,663
[2026-01-24 23:05:35] INFO:   Net Outflows:      $1,615,768,841
[2026-01-24 23:05:35] INFO:   LCR Ratio:         806.81% ✓ Pass
[2026-01-24 23:05:35] INFO: 
[2026-01-24 23:05:35] INFO: Severe Stress (2.0x runoff):
[2026-01-24 23:05:35] INFO:   Stressed Outflows: $2,228,402,217
[2026-01-24 23:05:35] INFO:   Net Outflows:      $2,172,869,396
[2026-01-24 23:05:35] INFO:   LCR Ratio:         599.95% ✓ Pass
[2026-01-24 23:05:35] INFO: 
[2026-01-24 23:05:35] INFO: Extreme Stress (3.0x runoff):
[2026-01-24 23:05:35] INFO:   Stressed Outflows: $3,342,603,326
[2026-01-24 23:05:35] INFO:   Net Outflows:      $3,287,070,504
[2026-01-24 23:05:35] INFO:   LCR Ratio:         396.59% ✓ Pass
[2026-01-24 23:05:35] INFO: 
[2026-01-24 23:05:35] INFO: 
================================================================================
[2026-01-24 23:05:35] INFO: ✅ WS3-02 Complete: LCR Calculator Successful
[2026-01-24 23:05:35] INFO: ================================================================================
[2026-01-24 23:05:35] INFO: 
Tables created:
[2026-01-24 23:05:35] INFO:   - cfo_banking_demo.gold_regulatory.hqla_inventory
[2026-01-24 23:05:35] INFO:   - cfo_banking_demo.gold_regulatory.cash_outflows_30day
[2026-01-24 23:05:35] INFO:   - cfo_banking_demo.gold_regulatory.cash_inflows_30day
[2026-01-24 23:05:35] INFO:   - cfo_banking_demo.gold_regulatory.lcr_daily
[2026-01-24 23:05:35] INFO: 
Ready for WS4: Agent Framework Integration
