[2026-01-24 23:02:27] INFO: ================================================================================
[2026-01-24 23:02:27] INFO: WS3-01: Deposit Beta Model (Statistical Approach)
[2026-01-24 23:02:27] INFO: ================================================================================
[2026-01-24 23:02:27] INFO: ✓ Connected to Databricks
[2026-01-24 23:02:27] INFO: ✓ Using SQL Warehouse: 4b9b953939869799
[2026-01-24 23:02:27] INFO: 
--------------------------------------------------------------------------------
[2026-01-24 23:02:27] INFO: Creating deposit behavior history table...
[2026-01-24 23:02:30] INFO:   ✓ Created deposit_behavior_history table
[2026-01-24 23:02:30] INFO: Generating 12 months of deposit behavior history...
[2026-01-24 23:02:30] INFO:   (Simulating rate changes and balance responses)
[2026-01-24 23:02:34] INFO:   ✓ Generated 100,000 behavior records
[2026-01-24 23:02:34] INFO: 
--------------------------------------------------------------------------------
[2026-01-24 23:02:34] INFO: Creating beta analysis features...
[2026-01-24 23:02:39] INFO:   ✓ Created 100,000 feature records
[2026-01-24 23:02:39] INFO: 
--------------------------------------------------------------------------------
[2026-01-24 23:02:39] INFO: Calculating deposit beta statistics by product type...
[2026-01-24 23:02:43] INFO:   ✓ Calculated beta statistics
[2026-01-24 23:02:43] INFO: Calculating beta by customer segment...
[2026-01-24 23:02:47] INFO:   ✓ Calculated segment beta
[2026-01-24 23:02:47] INFO: 
--------------------------------------------------------------------------------
[2026-01-24 23:02:47] INFO: Creating beta prediction scenarios...
[2026-01-24 23:02:50] INFO:   ✓ Created runoff prediction scenarios
[2026-01-24 23:02:50] INFO: 
================================================================================
[2026-01-24 23:02:50] INFO: DEPOSIT BETA STATISTICS BY PRODUCT TYPE
[2026-01-24 23:02:50] INFO: ================================================================================
[2026-01-24 23:02:51] INFO: 
DDA:
[2026-01-24 23:02:51] INFO:   Observations: 100,000
[2026-01-24 23:02:51] INFO:   Avg Balance Change: 0.02%
[2026-01-24 23:02:51] INFO:   Correlation: 0.0009
[2026-01-24 23:02:51] INFO:   Statistical Beta: 0.0000
[2026-01-24 23:02:51] INFO:   Assigned Beta: 0.1000
[2026-01-24 23:02:51] INFO: 
================================================================================
[2026-01-24 23:02:51] INFO: DEPOSIT RUNOFF PREDICTIONS (RATE SHOCK SCENARIOS)
[2026-01-24 23:02:51] INFO: ================================================================================
[2026-01-24 23:02:52] INFO: 
DDA:
[2026-01-24 23:02:52] INFO:   Total Balance: $10,867,821,991
[2026-01-24 23:02:52] INFO:   Average Beta: 0.0999
[2026-01-24 23:02:52] INFO:   Account Count: 155,002
[2026-01-24 23:02:52] INFO:   Runoff Scenarios:
[2026-01-24 23:02:52] INFO:     +25 bps: $2,722,323 (0.03%)
[2026-01-24 23:02:52] INFO:     +50 bps: $5,444,647 (0.05%)
[2026-01-24 23:02:52] INFO:     +100 bps: $10,889,294 (0.10%)
[2026-01-24 23:02:52] INFO:     +200 bps: $21,778,588 (0.20%) [stress]
[2026-01-24 23:02:52] INFO: 
MMDA:
[2026-01-24 23:02:52] INFO:   Total Balance: $4,942,935,058
[2026-01-24 23:02:52] INFO:   Average Beta: 0.6495
[2026-01-24 23:02:52] INFO:   Account Count: 31,277
[2026-01-24 23:02:52] INFO:   Runoff Scenarios:
[2026-01-24 23:02:52] INFO:     +25 bps: $8,026,383 (0.16%)
[2026-01-24 23:02:52] INFO:     +50 bps: $16,052,767 (0.32%)
[2026-01-24 23:02:52] INFO:     +100 bps: $32,105,533 (0.65%)
[2026-01-24 23:02:52] INFO:     +200 bps: $64,211,067 (1.30%) [stress]
[2026-01-24 23:02:52] INFO: 
Savings:
[2026-01-24 23:02:52] INFO:   Total Balance: $4,618,547,402
[2026-01-24 23:02:52] INFO:   Average Beta: 0.4001
[2026-01-24 23:02:52] INFO:   Account Count: 93,874
[2026-01-24 23:02:52] INFO:   Runoff Scenarios:
[2026-01-24 23:02:52] INFO:     +25 bps: $4,616,939 (0.10%)
[2026-01-24 23:02:52] INFO:     +50 bps: $9,233,879 (0.20%)
[2026-01-24 23:02:52] INFO:     +100 bps: $18,467,758 (0.40%)
[2026-01-24 23:02:52] INFO:     +200 bps: $36,935,515 (0.80%) [stress]
[2026-01-24 23:02:52] INFO: 
NOW:
[2026-01-24 23:02:52] INFO:   Total Balance: $1,258,911,461
[2026-01-24 23:02:52] INFO:   Average Beta: 0.1748
[2026-01-24 23:02:52] INFO:   Account Count: 18,712
[2026-01-24 23:02:52] INFO:   Runoff Scenarios:
[2026-01-24 23:02:52] INFO:     +25 bps: $550,786 (0.04%)
[2026-01-24 23:02:52] INFO:     +50 bps: $1,101,571 (0.09%)
[2026-01-24 23:02:52] INFO:     +100 bps: $2,203,142 (0.18%)
[2026-01-24 23:02:52] INFO:     +200 bps: $4,406,285 (0.35%) [stress]
[2026-01-24 23:02:53] INFO: 
TOTAL PORTFOLIO:
[2026-01-24 23:02:53] INFO:   Total Deposits: $21,688,215,912
[2026-01-24 23:02:53] INFO:   +25 bps runoff: $15,916,432 (0.07%)
[2026-01-24 23:02:53] INFO:   +50 bps runoff: $31,832,864 (0.15%)
[2026-01-24 23:02:53] INFO:   +100 bps runoff: $63,665,727 (0.29%)
[2026-01-24 23:02:53] INFO:   +200 bps runoff: $127,331,455 (0.59%)
[2026-01-24 23:02:53] INFO: 
================================================================================
[2026-01-24 23:02:53] INFO: ✅ WS3-01 Complete: Deposit Beta Model Generated
[2026-01-24 23:02:53] INFO: ================================================================================
[2026-01-24 23:02:53] INFO: 
Tables created:
[2026-01-24 23:02:53] INFO:   - cfo_banking_demo.bronze_core_banking.deposit_behavior_history
[2026-01-24 23:02:53] INFO:   - cfo_banking_demo.gold_analytics.deposit_beta_features
[2026-01-24 23:02:53] INFO:   - cfo_banking_demo.gold_analytics.deposit_beta_statistics
[2026-01-24 23:02:53] INFO:   - cfo_banking_demo.gold_analytics.deposit_beta_by_segment
[2026-01-24 23:02:53] INFO:   - cfo_banking_demo.gold_analytics.deposit_runoff_predictions
[2026-01-24 23:02:53] INFO: 
Ready for WS3-02: LCR Calculations
