================================================================================
Creating Missing Tables for WS5 Dashboards
================================================================================

1. Creating bronze_market schema...
   ✓ Schema created

2. Creating gold_finance schema...
   ✓ Schema created

3. Creating gold_analytics schema...
   ✓ Schema created

4. Creating silver_finance.securities view...
   ✗ Error: SQL execution failed: [UNRESOLVED_COLUMN.WITH_SUGGESTION] A column, variable, or function parameter with name `security_name` cannot be resolved. Did you mean one of the following? [`security_id`, `security_type`, `maturity_date`, `security_subtype`, `currency`]. SQLSTATE: 42703; line 5 pos 12

5. Creating silver_finance.deposit_portfolio view...
   ✗ Error: SQL execution failed: [UNRESOLVED_COLUMN.WITH_SUGGESTION] A column, variable, or function parameter with name `account_holder_name` cannot be resolved. Did you mean one of the following? [`account_open_date`, `customer_name`, `account_number`, `account_id`, `account_status`]. SQLSTATE: 42703; line 5 pos 12

6. Creating bronze_market.treasury_yields table...
   ✓ Table created
   Populating with 90 days of yield curve data...
   ✓ Inserted 900 yield curve records

7. Creating gold_finance.capital_structure table...
   ✓ Table created
   Inserting capital structure data...
   ✓ Data inserted

8. Creating gold_finance.profitability_metrics table...
   ✓ Table created
   Inserting profitability metrics...
   ✓ Data inserted

9. Creating gold_finance.liquidity_coverage_ratio table...
   ✓ Table created
   Inserting LCR metrics...
   ✓ Data inserted

================================================================================
✅ All missing tables created successfully!
================================================================================
