============================================================
WS6-01: Creating React Frontend Structure
============================================================

✓ Created: frontend_app
✓ Created: frontend_app/app
✓ Created: frontend_app/app/assistant
✓ Created: frontend_app/components
✓ Created: frontend_app/components/ui
✓ Created: frontend_app/components/charts
✓ Created: frontend_app/lib
✓ Created: frontend_app/public

✓ Created: package.json
✓ Created: tsconfig.json
✓ Created: tailwind.config.ts
✓ Created: next.config.js
✓ Created: postcss.config.js

✓ Created: app/globals.css
✓ Created: app/layout.tsx
✓ Created: app/page.tsx
✓ Created: README.md

============================================================
✅ React Frontend Structure Created Successfully!
============================================================

Next steps:
1. cd frontend_app
2. npm install
3. npm run dev

For production build:
  npm run build
  # Static files will be in out/ directory

